<?xml version="1.0" encoding="UTF-8"?>
<testsuite xmlns:xsi="http://www.w3.org/2001/XMLSchema-instance" xsi:noNamespaceSchemaLocation="https://maven.apache.org/surefire/maven-surefire-plugin/xsd/surefire-test-report-3.0.xsd" version="3.0" name="Trikitrakicolores.TableroTest" time="2.05" tests="4" errors="0" skipped="0" failures="0">
  <properties>
[...]
</properties>
  <testcase name="testVerificarGanador" classname="Trikitrakicolores.TableroTest" time="1.337">
    <system-out><![CDATA[verificarGanador
]]></system-out>
  </testcase>
  <testcase name="testColocarFicha" classname="Trikitrakicolores.TableroTest" time="0.001">
    <system-out><![CDATA[colocarFicha
]]></system-out>
  </testcase>
  <testcase name="testVerificarEmpate" classname="Trikitrakicolores.TableroTest" time="0.693">
    <system-out><![CDATA[verificarEmpate
]]></system-out>
  </testcase>
  <testcase name="testMostrarTablero" classname="Trikitrakicolores.TableroTest" time="0.002">
    <system-out><![CDATA[mostrarTablero
]]></system-out>
  </testcase>
</testsuite>